<?xml version="1.0" encoding="UTF-8"?>
<!-- Generated by org.testng.reporters.JUnitXMLReporter -->
<testsuite ignored="0" hostname="kahinas-MBP.fios-router.home" failures="0" tests="4" name="Delta_AirlineHomePage" time="2.525" errors="0" timestamp="2020-06-06T23:14:51 EDT">
  <testcase classname="common.WebAPI" name="@BeforeMethod setUp" time="2.493">
    <failure type="org.openqa.selenium.SessionNotCreatedException" message="session not created: This version of ChromeDriver only supports Chrome version 84
Build info: version: &amp;apos;3.141.59&amp;apos;, revision: &amp;apos;e82be7d358&amp;apos;, time: &amp;apos;2018-11-14T08:17:03&amp;apos;
System info: host: &amp;apos;kahinas-MBP.fios-router.home&amp;apos;, ip: &amp;apos;fe80:0:0:0:49c:cb56:ec61:ff8f%en0&amp;apos;, os.name: &amp;apos;Mac OS X&amp;apos;, os.arch: &amp;apos;x86_64&amp;apos;, os.version: &amp;apos;10.15.4&amp;apos;, java.version: &amp;apos;13.0.2&amp;apos;
Driver info: driver.version: ChromeDriver
remote stacktrace: 0   chromedriver                        0x000000010dcc2c49 chromedriver + 4893769
1   chromedriver                        0x000000010dc5c0e3 chromedriver + 4473059
2   chromedriver                        0x000000010d8cf8fd chromedriver + 751869
3   chromedriver                        0x000000010d8313b9 chromedriver + 103353
4   chromedriver                        0x000000010d82d696 chromedriver + 87702
5   chromedriver                        0x000000010d82a9b9 chromedriver + 76217
6   chromedriver                        0x000000010d85d043 chromedriver + 282691
7   chromedriver                        0x000000010d859e43 chromedriver + 269891
8   chromedriver                        0x000000010d83362a chromedriver + 112170
9   chromedriver                        0x000000010d834635 chromedriver + 116277
10  chromedriver                        0x000000010dc845af chromedriver + 4638127
11  chromedriver                        0x000000010dc9191b chromedriver + 4692251
12  chromedriver                        0x000000010dc916bb chromedriver + 4691643
13  chromedriver                        0x000000010dc68109 chromedriver + 4522249
14  chromedriver                        0x000000010dc91ea3 chromedriver + 4693667
15  chromedriver                        0x000000010dc7a073 chromedriver + 4595827
16  chromedriver                        0x000000010dca9094 chromedriver + 4788372
17  chromedriver                        0x000000010dcc8db7 chromedriver + 4918711
18  libsystem_pthread.dylib             0x00007fff6b4c6109 _pthread_start + 148
19  libsystem_pthread.dylib             0x00007fff6b4c1b8b thread_start + 15
">
      <![CDATA[org.openqa.selenium.SessionNotCreatedException: session not created: This version of ChromeDriver only supports Chrome version 84
Build info: version: '3.141.59', revision: 'e82be7d358', time: '2018-11-14T08:17:03'
System info: host: 'kahinas-MBP.fios-router.home', ip: 'fe80:0:0:0:49c:cb56:ec61:ff8f%en0', os.name: 'Mac OS X', os.arch: 'x86_64', os.version: '10.15.4', java.version: '13.0.2'
Driver info: driver.version: ChromeDriver
remote stacktrace: 0   chromedriver                        0x000000010dcc2c49 chromedriver + 4893769
1   chromedriver                        0x000000010dc5c0e3 chromedriver + 4473059
2   chromedriver                        0x000000010d8cf8fd chromedriver + 751869
3   chromedriver                        0x000000010d8313b9 chromedriver + 103353
4   chromedriver                        0x000000010d82d696 chromedriver + 87702
5   chromedriver                        0x000000010d82a9b9 chromedriver + 76217
6   chromedriver                        0x000000010d85d043 chromedriver + 282691
7   chromedriver                        0x000000010d859e43 chromedriver + 269891
8   chromedriver                        0x000000010d83362a chromedriver + 112170
9   chromedriver                        0x000000010d834635 chromedriver + 116277
10  chromedriver                        0x000000010dc845af chromedriver + 4638127
11  chromedriver                        0x000000010dc9191b chromedriver + 4692251
12  chromedriver                        0x000000010dc916bb chromedriver + 4691643
13  chromedriver                        0x000000010dc68109 chromedriver + 4522249
14  chromedriver                        0x000000010dc91ea3 chromedriver + 4693667
15  chromedriver                        0x000000010dc7a073 chromedriver + 4595827
16  chromedriver                        0x000000010dca9094 chromedriver + 4788372
17  chromedriver                        0x000000010dcc8db7 chromedriver + 4918711
18  libsystem_pthread.dylib             0x00007fff6b4c6109 _pthread_start + 148
19  libsystem_pthread.dylib             0x00007fff6b4c1b8b thread_start + 15

at org.openqa.selenium.remote.W3CHandshakeResponse.lambda$errorHandler$0(W3CHandshakeResponse.java:62)
at org.openqa.selenium.remote.HandshakeResponse.lambda$getResponseFunction$0(HandshakeResponse.java:30)
at org.openqa.selenium.remote.ProtocolHandshake.lambda$createSession$0(ProtocolHandshake.java:126)
at java.base/java.util.stream.ReferencePipeline$3$1.accept(ReferencePipeline.java:195)
at java.base/java.util.Spliterators$ArraySpliterator.tryAdvance(Spliterators.java:958)
at java.base/java.util.stream.ReferencePipeline.forEachWithCancel(ReferencePipeline.java:127)
at java.base/java.util.stream.AbstractPipeline.copyIntoWithCancel(AbstractPipeline.java:502)
at java.base/java.util.stream.AbstractPipeline.copyInto(AbstractPipeline.java:488)
at java.base/java.util.stream.AbstractPipeline.wrapAndCopyInto(AbstractPipeline.java:474)
at java.base/java.util.stream.FindOps$FindOp.evaluateSequential(FindOps.java:150)
at java.base/java.util.stream.AbstractPipeline.evaluate(AbstractPipeline.java:234)
at java.base/java.util.stream.ReferencePipeline.findFirst(ReferencePipeline.java:543)
at org.openqa.selenium.remote.ProtocolHandshake.createSession(ProtocolHandshake.java:128)
at org.openqa.selenium.remote.ProtocolHandshake.createSession(ProtocolHandshake.java:74)
at org.openqa.selenium.remote.HttpCommandExecutor.execute(HttpCommandExecutor.java:136)
at org.openqa.selenium.remote.service.DriverCommandExecutor.execute(DriverCommandExecutor.java:83)
at org.openqa.selenium.remote.RemoteWebDriver.execute(RemoteWebDriver.java:552)
at org.openqa.selenium.remote.RemoteWebDriver.startSession(RemoteWebDriver.java:213)
at org.openqa.selenium.remote.RemoteWebDriver.<init>(RemoteWebDriver.java:131)
at org.openqa.selenium.chrome.ChromeDriver.<init>(ChromeDriver.java:181)
at org.openqa.selenium.chrome.ChromeDriver.<init>(ChromeDriver.java:168)
at org.openqa.selenium.chrome.ChromeDriver.<init>(ChromeDriver.java:123)
at common.WebAPI.getLocalDriver(WebAPI.java:140)
at common.WebAPI.setUp(WebAPI.java:122)
at java.base/java.util.ArrayList.forEach(ArrayList.java:1507)
... Removed 40 stack frames]]>
    </failure>
  </testcase> <!-- @BeforeMethod setUp -->
  <testcase classname="common.WebAPI" name="@BeforeMethod startExtent" time="-1.591499691671E9">
    <skipped/>
  </testcase> <!-- @BeforeMethod startExtent -->
  <testcase classname="common.WebAPI" name="@AfterMethod afterEachTestMethod" time="-1.591499691673E9">
    <skipped/>
  </testcase> <!-- @AfterMethod afterEachTestMethod -->
  <testcase classname="common.WebAPI" name="@AfterMethod cleanUp" time="0.0">
    <failure type="java.lang.NullPointerException">
      <![CDATA[java.lang.NullPointerException
at common.WebAPI.cleanUp(WebAPI.java:188)
at java.base/java.util.ArrayList.forEach(ArrayList.java:1507)
... Removed 36 stack frames]]>
    </failure>
  </testcase> <!-- @AfterMethod cleanUp -->
  <testcase classname="common.WebAPI" name="@BeforeMethod setUp" time="-1.591499691675E9">
    <skipped/>
  </testcase> <!-- @BeforeMethod setUp -->
  <testcase classname="common.WebAPI" name="@BeforeMethod startExtent" time="-1.591499691675E9">
    <skipped/>
  </testcase> <!-- @BeforeMethod startExtent -->
  <testcase classname="common.WebAPI" name="@AfterMethod afterEachTestMethod" time="-1.591499691675E9">
    <skipped/>
  </testcase> <!-- @AfterMethod afterEachTestMethod -->
  <testcase classname="common.WebAPI" name="@AfterMethod cleanUp" time="0.0">
    <failure type="java.lang.NullPointerException">
      <![CDATA[java.lang.NullPointerException
at common.WebAPI.cleanUp(WebAPI.java:188)
at java.base/java.util.ArrayList.forEach(ArrayList.java:1507)
... Removed 36 stack frames]]>
    </failure>
  </testcase> <!-- @AfterMethod cleanUp -->
  <testcase classname="common.WebAPI" name="@BeforeMethod setUp" time="-1.591499691677E9">
    <skipped/>
  </testcase> <!-- @BeforeMethod setUp -->
  <testcase classname="common.WebAPI" name="@BeforeMethod startExtent" time="-1.591499691677E9">
    <skipped/>
  </testcase> <!-- @BeforeMethod startExtent -->
  <testcase classname="common.WebAPI" name="@AfterMethod afterEachTestMethod" time="-1.591499691677E9">
    <skipped/>
  </testcase> <!-- @AfterMethod afterEachTestMethod -->
  <testcase classname="common.WebAPI" name="@AfterMethod cleanUp" time="0.001">
    <failure type="java.lang.NullPointerException">
      <![CDATA[java.lang.NullPointerException
at common.WebAPI.cleanUp(WebAPI.java:188)
at java.base/java.util.ArrayList.forEach(ArrayList.java:1507)
... Removed 36 stack frames]]>
    </failure>
  </testcase> <!-- @AfterMethod cleanUp -->
  <testcase classname="common.WebAPI" name="@BeforeMethod setUp" time="-1.591499691679E9">
    <skipped/>
  </testcase> <!-- @BeforeMethod setUp -->
  <testcase classname="common.WebAPI" name="@BeforeMethod startExtent" time="-1.591499691679E9">
    <skipped/>
  </testcase> <!-- @BeforeMethod startExtent -->
  <testcase classname="common.WebAPI" name="@AfterMethod afterEachTestMethod" time="-1.59149969168E9">
    <skipped/>
  </testcase> <!-- @AfterMethod afterEachTestMethod -->
  <testcase classname="common.WebAPI" name="@AfterMethod cleanUp" time="0.0">
    <failure type="java.lang.NullPointerException">
      <![CDATA[java.lang.NullPointerException
at common.WebAPI.cleanUp(WebAPI.java:188)
at java.base/java.util.ArrayList.forEach(ArrayList.java:1507)
... Removed 36 stack frames]]>
    </failure>
  </testcase> <!-- @AfterMethod cleanUp -->
  <testcase classname="hometest.Delta_AirlineHomeTest" name="testCheckFlightStatus" time="0.0">
    <skipped/>
  </testcase> <!-- testCheckFlightStatus -->
  <testcase classname="hometest.Delta_AirlineHomeTest" name="testCheckNotifications" time="0.0">
    <skipped/>
  </testcase> <!-- testCheckNotifications -->
  <testcase classname="hometest.Delta_AirlineHomeTest" name="testDeltaCarriersSearchPage" time="0.0">
    <skipped/>
  </testcase> <!-- testDeltaCarriersSearchPage -->
  <testcase classname="hometest.Delta_AirlineHomeTest" name="testSearchButton" time="0.0">
    <skipped/>
  </testcase> <!-- testSearchButton -->
</testsuite> <!-- Delta_AirlineHomePage -->
