<!DOCTYPE html PUBLIC "-//W3C//DTD XHTML 1.1//EN" "http://www.w3.org/TR/xhtml11/DTD/xhtml11.dtd">
<html xmlns="http://www.w3.org/1999/xhtml">
<head>
<meta http-equiv="content-type" content="text/html; charset=UTF-8"/>
<title>TestNG Report</title>
<style type="text/css">table {margin-bottom:10px;border-collapse:collapse;empty-cells:show}th,td {border:1px solid #009;padding:.25em .5em}th {vertical-align:bottom}td {vertical-align:top}table a {font-weight:bold}.stripe td {background-color: #E6EBF9}.num {text-align:right}.passedodd td {background-color: #3F3}.passedeven td {background-color: #0A0}.skippedodd td {background-color: #DDD}.skippedeven td {background-color: #CCC}.failedodd td,.attn {background-color: #F33}.failedeven td,.stripe .attn {background-color: #D00}.stacktrace {white-space:pre;font-family:monospace}.totop {font-size:85%;text-align:center;border-bottom:2px solid #000}.invisible {display:none}</style>
</head>
<body>
<table>
<tr><th>Test</th><th># Passed</th><th># Skipped</th><th># Retried</th><th># Failed</th><th>Time (ms)</th><th>Included Groups</th><th>Excluded Groups</th></tr>
<tr><th colspan="8">Delta_Airline Automation Script</th></tr>
<tr><td><a href="#t0">Delta_AirlineHomePage</a></td><td class="num">0</td><td class="num attn">4</td><td class="num">0</td><td class="num">0</td><td class="num">2,525</td><td></td><td></td></tr>
</table>
<table id='summary'><thead><tr><th>Class</th><th>Method</th><th>Start</th><th>Time (ms)</th></tr></thead><tbody><tr><th colspan="4">Delta_Airline Automation Script</th></tr></tbody><tbody id="t0"><tr><th colspan="4">Delta_AirlineHomePage &#8212; failed (configuration methods)</th></tr><tr class="failedeven"><td rowspan="5">hometest.Delta_AirlineHomeTest</td><td><a href="#m0">cleanUp</a></td><td rowspan="4">1591499691677</td><td rowspan="4">1</td></tr><tr class="failedeven"><td><a href="#m1">cleanUp</a></td></tr><tr class="failedeven"><td><a href="#m2">cleanUp</a></td></tr><tr class="failedeven"><td><a href="#m3">cleanUp</a></td></tr><tr class="failedeven"><td><a href="#m4">setUp</a></td><td rowspan="1">1591499689169</td><td rowspan="1">2493</td></tr><tr><th colspan="4">Delta_AirlineHomePage &#8212; skipped (configuration methods)</th></tr><tr class="skippedeven"><td rowspan="11">hometest.Delta_AirlineHomeTest</td><td><a href="#m5">afterEachTestMethod</a></td><td rowspan="4">1591499691673</td><td rowspan="4">-1591499691673</td></tr><tr class="skippedeven"><td><a href="#m6">afterEachTestMethod</a></td></tr><tr class="skippedeven"><td><a href="#m7">afterEachTestMethod</a></td></tr><tr class="skippedeven"><td><a href="#m8">afterEachTestMethod</a></td></tr><tr class="skippedeven"><td><a href="#m9">setUp</a></td><td rowspan="3">1591499691677</td><td rowspan="3">-1591499691677</td></tr><tr class="skippedeven"><td><a href="#m10">setUp</a></td></tr><tr class="skippedeven"><td><a href="#m11">setUp</a></td></tr><tr class="skippedeven"><td><a href="#m12">startExtent</a></td><td rowspan="4">1591499691671</td><td rowspan="4">-1591499691671</td></tr><tr class="skippedeven"><td><a href="#m13">startExtent</a></td></tr><tr class="skippedeven"><td><a href="#m14">startExtent</a></td></tr><tr class="skippedeven"><td><a href="#m15">startExtent</a></td></tr><tr><th colspan="4">Delta_AirlineHomePage &#8212; skipped</th></tr><tr class="skippedeven"><td rowspan="4">hometest.Delta_AirlineHomeTest</td><td><a href="#m16">testCheckFlightStatus</a></td><td rowspan="1">1591499691672</td><td rowspan="1">0</td></tr><tr class="skippedeven"><td><a href="#m17">testCheckNotifications</a></td><td rowspan="1">1591499691675</td><td rowspan="1">0</td></tr><tr class="skippedeven"><td><a href="#m18">testDeltaCarriersSearchPage</a></td><td rowspan="1">1591499691677</td><td rowspan="1">0</td></tr><tr class="skippedeven"><td><a href="#m19">testSearchButton</a></td><td rowspan="1">1591499691679</td><td rowspan="1">0</td></tr></tbody>
</table>
<h2>Delta_AirlineHomePage</h2><h3 id="m0">hometest.Delta_AirlineHomeTest#cleanUp</h3><table class="result"><tr><th>Exception</th></tr><tr><td><div class="stacktrace">java.lang.NullPointerException
	at common.WebAPI.cleanUp(WebAPI.java:188)
	at java.base/java.util.ArrayList.forEach(ArrayList.java:1507)
... Removed 36 stack frames</div></td></tr></table><p class="totop"><a href="#summary">back to summary</a></p>
<h3 id="m1">hometest.Delta_AirlineHomeTest#cleanUp</h3><table class="result"><tr><th>Exception</th></tr><tr><td><div class="stacktrace">java.lang.NullPointerException
	at common.WebAPI.cleanUp(WebAPI.java:188)
	at java.base/java.util.ArrayList.forEach(ArrayList.java:1507)
... Removed 36 stack frames</div></td></tr></table><p class="totop"><a href="#summary">back to summary</a></p>
<h3 id="m2">hometest.Delta_AirlineHomeTest#cleanUp</h3><table class="result"><tr><th>Exception</th></tr><tr><td><div class="stacktrace">java.lang.NullPointerException
	at common.WebAPI.cleanUp(WebAPI.java:188)
	at java.base/java.util.ArrayList.forEach(ArrayList.java:1507)
... Removed 36 stack frames</div></td></tr></table><p class="totop"><a href="#summary">back to summary</a></p>
<h3 id="m3">hometest.Delta_AirlineHomeTest#cleanUp</h3><table class="result"><tr><th>Exception</th></tr><tr><td><div class="stacktrace">java.lang.NullPointerException
	at common.WebAPI.cleanUp(WebAPI.java:188)
	at java.base/java.util.ArrayList.forEach(ArrayList.java:1507)
... Removed 36 stack frames</div></td></tr></table><p class="totop"><a href="#summary">back to summary</a></p>
<h3 id="m4">hometest.Delta_AirlineHomeTest#setUp</h3><table class="result"><tr class="param"><th>Parameter #1</th><th>Parameter #2</th><th>Parameter #3</th><th>Parameter #4</th><th>Parameter #5</th><th>Parameter #6</th><th>Parameter #7</th></tr><tr class="param stripe"><td>false</td><td>browserstack</td><td>OS X</td><td>Catalina</td><td>chrome</td><td>83</td><td>https://www.delta.com/</td></tr><tr><th colspan="7">Exception</th></tr><tr><td colspan="7"><div class="stacktrace">org.openqa.selenium.SessionNotCreatedException: session not created: This version of ChromeDriver only supports Chrome version 84
Build info: version: &apos;3.141.59&apos;, revision: &apos;e82be7d358&apos;, time: &apos;2018-11-14T08:17:03&apos;
System info: host: &apos;kahinas-MBP.fios-router.home&apos;, ip: &apos;fe80:0:0:0:49c:cb56:ec61:ff8f%en0&apos;, os.name: &apos;Mac OS X&apos;, os.arch: &apos;x86_64&apos;, os.version: &apos;10.15.4&apos;, java.version: &apos;13.0.2&apos;
Driver info: driver.version: ChromeDriver
remote stacktrace: 0   chromedriver                        0x000000010dcc2c49 chromedriver + 4893769
1   chromedriver                        0x000000010dc5c0e3 chromedriver + 4473059
2   chromedriver                        0x000000010d8cf8fd chromedriver + 751869
3   chromedriver                        0x000000010d8313b9 chromedriver + 103353
4   chromedriver                        0x000000010d82d696 chromedriver + 87702
5   chromedriver                        0x000000010d82a9b9 chromedriver + 76217
6   chromedriver                        0x000000010d85d043 chromedriver + 282691
7   chromedriver                        0x000000010d859e43 chromedriver + 269891
8   chromedriver                        0x000000010d83362a chromedriver + 112170
9   chromedriver                        0x000000010d834635 chromedriver + 116277
10  chromedriver                        0x000000010dc845af chromedriver + 4638127
11  chromedriver                        0x000000010dc9191b chromedriver + 4692251
12  chromedriver                        0x000000010dc916bb chromedriver + 4691643
13  chromedriver                        0x000000010dc68109 chromedriver + 4522249
14  chromedriver                        0x000000010dc91ea3 chromedriver + 4693667
15  chromedriver                        0x000000010dc7a073 chromedriver + 4595827
16  chromedriver                        0x000000010dca9094 chromedriver + 4788372
17  chromedriver                        0x000000010dcc8db7 chromedriver + 4918711
18  libsystem_pthread.dylib             0x00007fff6b4c6109 _pthread_start + 148
19  libsystem_pthread.dylib             0x00007fff6b4c1b8b thread_start + 15

	at org.openqa.selenium.remote.W3CHandshakeResponse.lambda$errorHandler$0(W3CHandshakeResponse.java:62)
	at org.openqa.selenium.remote.HandshakeResponse.lambda$getResponseFunction$0(HandshakeResponse.java:30)
	at org.openqa.selenium.remote.ProtocolHandshake.lambda$createSession$0(ProtocolHandshake.java:126)
	at java.base/java.util.stream.ReferencePipeline$3$1.accept(ReferencePipeline.java:195)
	at java.base/java.util.Spliterators$ArraySpliterator.tryAdvance(Spliterators.java:958)
	at java.base/java.util.stream.ReferencePipeline.forEachWithCancel(ReferencePipeline.java:127)
	at java.base/java.util.stream.AbstractPipeline.copyIntoWithCancel(AbstractPipeline.java:502)
	at java.base/java.util.stream.AbstractPipeline.copyInto(AbstractPipeline.java:488)
	at java.base/java.util.stream.AbstractPipeline.wrapAndCopyInto(AbstractPipeline.java:474)
	at java.base/java.util.stream.FindOps$FindOp.evaluateSequential(FindOps.java:150)
	at java.base/java.util.stream.AbstractPipeline.evaluate(AbstractPipeline.java:234)
	at java.base/java.util.stream.ReferencePipeline.findFirst(ReferencePipeline.java:543)
	at org.openqa.selenium.remote.ProtocolHandshake.createSession(ProtocolHandshake.java:128)
	at org.openqa.selenium.remote.ProtocolHandshake.createSession(ProtocolHandshake.java:74)
	at org.openqa.selenium.remote.HttpCommandExecutor.execute(HttpCommandExecutor.java:136)
	at org.openqa.selenium.remote.service.DriverCommandExecutor.execute(DriverCommandExecutor.java:83)
	at org.openqa.selenium.remote.RemoteWebDriver.execute(RemoteWebDriver.java:552)
	at org.openqa.selenium.remote.RemoteWebDriver.startSession(RemoteWebDriver.java:213)
	at org.openqa.selenium.remote.RemoteWebDriver.&lt;init&gt;(RemoteWebDriver.java:131)
	at org.openqa.selenium.chrome.ChromeDriver.&lt;init&gt;(ChromeDriver.java:181)
	at org.openqa.selenium.chrome.ChromeDriver.&lt;init&gt;(ChromeDriver.java:168)
	at org.openqa.selenium.chrome.ChromeDriver.&lt;init&gt;(ChromeDriver.java:123)
	at common.WebAPI.getLocalDriver(WebAPI.java:140)
	at common.WebAPI.setUp(WebAPI.java:122)
	at java.base/java.util.ArrayList.forEach(ArrayList.java:1507)
... Removed 40 stack frames</div></td></tr></table><p class="totop"><a href="#summary">back to summary</a></p>
<h3 id="m5">hometest.Delta_AirlineHomeTest#afterEachTestMethod</h3><table class="result"><tr><th class="invisible"/></tr></table><p class="totop"><a href="#summary">back to summary</a></p>
<h3 id="m6">hometest.Delta_AirlineHomeTest#afterEachTestMethod</h3><table class="result"><tr><th class="invisible"/></tr></table><p class="totop"><a href="#summary">back to summary</a></p>
<h3 id="m7">hometest.Delta_AirlineHomeTest#afterEachTestMethod</h3><table class="result"><tr><th class="invisible"/></tr></table><p class="totop"><a href="#summary">back to summary</a></p>
<h3 id="m8">hometest.Delta_AirlineHomeTest#afterEachTestMethod</h3><table class="result"><tr><th class="invisible"/></tr></table><p class="totop"><a href="#summary">back to summary</a></p>
<h3 id="m9">hometest.Delta_AirlineHomeTest#setUp</h3><table class="result"><tr><th class="invisible"/></tr></table><p class="totop"><a href="#summary">back to summary</a></p>
<h3 id="m10">hometest.Delta_AirlineHomeTest#setUp</h3><table class="result"><tr><th class="invisible"/></tr></table><p class="totop"><a href="#summary">back to summary</a></p>
<h3 id="m11">hometest.Delta_AirlineHomeTest#setUp</h3><table class="result"><tr><th class="invisible"/></tr></table><p class="totop"><a href="#summary">back to summary</a></p>
<h3 id="m12">hometest.Delta_AirlineHomeTest#startExtent</h3><table class="result"><tr><th class="invisible"/></tr></table><p class="totop"><a href="#summary">back to summary</a></p>
<h3 id="m13">hometest.Delta_AirlineHomeTest#startExtent</h3><table class="result"><tr><th class="invisible"/></tr></table><p class="totop"><a href="#summary">back to summary</a></p>
<h3 id="m14">hometest.Delta_AirlineHomeTest#startExtent</h3><table class="result"><tr><th class="invisible"/></tr></table><p class="totop"><a href="#summary">back to summary</a></p>
<h3 id="m15">hometest.Delta_AirlineHomeTest#startExtent</h3><table class="result"><tr><th class="invisible"/></tr></table><p class="totop"><a href="#summary">back to summary</a></p>
<h3 id="m16">hometest.Delta_AirlineHomeTest#testCheckFlightStatus</h3><table class="result"><tr><th>Exception</th></tr><tr><td><div class="stacktrace">org.openqa.selenium.SessionNotCreatedException: session not created: This version of ChromeDriver only supports Chrome version 84
Build info: version: &apos;3.141.59&apos;, revision: &apos;e82be7d358&apos;, time: &apos;2018-11-14T08:17:03&apos;
System info: host: &apos;kahinas-MBP.fios-router.home&apos;, ip: &apos;fe80:0:0:0:49c:cb56:ec61:ff8f%en0&apos;, os.name: &apos;Mac OS X&apos;, os.arch: &apos;x86_64&apos;, os.version: &apos;10.15.4&apos;, java.version: &apos;13.0.2&apos;
Driver info: driver.version: ChromeDriver
remote stacktrace: 0   chromedriver                        0x000000010dcc2c49 chromedriver + 4893769
1   chromedriver                        0x000000010dc5c0e3 chromedriver + 4473059
2   chromedriver                        0x000000010d8cf8fd chromedriver + 751869
3   chromedriver                        0x000000010d8313b9 chromedriver + 103353
4   chromedriver                        0x000000010d82d696 chromedriver + 87702
5   chromedriver                        0x000000010d82a9b9 chromedriver + 76217
6   chromedriver                        0x000000010d85d043 chromedriver + 282691
7   chromedriver                        0x000000010d859e43 chromedriver + 269891
8   chromedriver                        0x000000010d83362a chromedriver + 112170
9   chromedriver                        0x000000010d834635 chromedriver + 116277
10  chromedriver                        0x000000010dc845af chromedriver + 4638127
11  chromedriver                        0x000000010dc9191b chromedriver + 4692251
12  chromedriver                        0x000000010dc916bb chromedriver + 4691643
13  chromedriver                        0x000000010dc68109 chromedriver + 4522249
14  chromedriver                        0x000000010dc91ea3 chromedriver + 4693667
15  chromedriver                        0x000000010dc7a073 chromedriver + 4595827
16  chromedriver                        0x000000010dca9094 chromedriver + 4788372
17  chromedriver                        0x000000010dcc8db7 chromedriver + 4918711
18  libsystem_pthread.dylib             0x00007fff6b4c6109 _pthread_start + 148
19  libsystem_pthread.dylib             0x00007fff6b4c1b8b thread_start + 15

	at org.openqa.selenium.remote.W3CHandshakeResponse.lambda$errorHandler$0(W3CHandshakeResponse.java:62)
	at org.openqa.selenium.remote.HandshakeResponse.lambda$getResponseFunction$0(HandshakeResponse.java:30)
	at org.openqa.selenium.remote.ProtocolHandshake.lambda$createSession$0(ProtocolHandshake.java:126)
	at java.base/java.util.stream.ReferencePipeline$3$1.accept(ReferencePipeline.java:195)
	at java.base/java.util.Spliterators$ArraySpliterator.tryAdvance(Spliterators.java:958)
	at java.base/java.util.stream.ReferencePipeline.forEachWithCancel(ReferencePipeline.java:127)
	at java.base/java.util.stream.AbstractPipeline.copyIntoWithCancel(AbstractPipeline.java:502)
	at java.base/java.util.stream.AbstractPipeline.copyInto(AbstractPipeline.java:488)
	at java.base/java.util.stream.AbstractPipeline.wrapAndCopyInto(AbstractPipeline.java:474)
	at java.base/java.util.stream.FindOps$FindOp.evaluateSequential(FindOps.java:150)
	at java.base/java.util.stream.AbstractPipeline.evaluate(AbstractPipeline.java:234)
	at java.base/java.util.stream.ReferencePipeline.findFirst(ReferencePipeline.java:543)
	at org.openqa.selenium.remote.ProtocolHandshake.createSession(ProtocolHandshake.java:128)
	at org.openqa.selenium.remote.ProtocolHandshake.createSession(ProtocolHandshake.java:74)
	at org.openqa.selenium.remote.HttpCommandExecutor.execute(HttpCommandExecutor.java:136)
	at org.openqa.selenium.remote.service.DriverCommandExecutor.execute(DriverCommandExecutor.java:83)
	at org.openqa.selenium.remote.RemoteWebDriver.execute(RemoteWebDriver.java:552)
	at org.openqa.selenium.remote.RemoteWebDriver.startSession(RemoteWebDriver.java:213)
	at org.openqa.selenium.remote.RemoteWebDriver.&lt;init&gt;(RemoteWebDriver.java:131)
	at org.openqa.selenium.chrome.ChromeDriver.&lt;init&gt;(ChromeDriver.java:181)
	at org.openqa.selenium.chrome.ChromeDriver.&lt;init&gt;(ChromeDriver.java:168)
	at org.openqa.selenium.chrome.ChromeDriver.&lt;init&gt;(ChromeDriver.java:123)
	at common.WebAPI.getLocalDriver(WebAPI.java:140)
	at common.WebAPI.setUp(WebAPI.java:122)
	at java.base/java.util.ArrayList.forEach(ArrayList.java:1507)
... Removed 40 stack frames</div></td></tr></table><p class="totop"><a href="#summary">back to summary</a></p>
<h3 id="m17">hometest.Delta_AirlineHomeTest#testCheckNotifications</h3><table class="result"><tr><th>Exception</th></tr><tr><td><div class="stacktrace">java.lang.NullPointerException
	at common.WebAPI.cleanUp(WebAPI.java:188)
	at java.base/java.util.ArrayList.forEach(ArrayList.java:1507)
... Removed 36 stack frames</div></td></tr></table><p class="totop"><a href="#summary">back to summary</a></p>
<h3 id="m18">hometest.Delta_AirlineHomeTest#testDeltaCarriersSearchPage</h3><table class="result"><tr><th>Exception</th></tr><tr><td><div class="stacktrace">java.lang.NullPointerException
	at common.WebAPI.cleanUp(WebAPI.java:188)
	at java.base/java.util.ArrayList.forEach(ArrayList.java:1507)
... Removed 36 stack frames</div></td></tr></table><p class="totop"><a href="#summary">back to summary</a></p>
<h3 id="m19">hometest.Delta_AirlineHomeTest#testSearchButton</h3><table class="result"><tr><th>Exception</th></tr><tr><td><div class="stacktrace">java.lang.NullPointerException
	at common.WebAPI.cleanUp(WebAPI.java:188)
	at java.base/java.util.ArrayList.forEach(ArrayList.java:1507)
... Removed 36 stack frames</div></td></tr></table><p class="totop"><a href="#summary">back to summary</a></p>
</body>
</html>
