<?xml version="1.0" encoding="UTF-8"?>
<!-- Generated by org.testng.reporters.JUnitXMLReporter -->
<testsuite ignored="0" hostname="Shahanas-MacBook-Pro.local" failures="0" tests="1" name="Command line test" time="0.135" errors="0" timestamp="2020-06-05T11:27:33 EDT">
  <testcase classname="common.WebAPI" name="@BeforeMethod setUp" time="0.098">
    <failure type="java.lang.IllegalStateException" message="The driver is not executable: /Users/shahanasharmin/IdeaProjects/LearnAutomationFramework_WeekendMorningSeleniumNY_Winter2020/./BrowserDriver/windows/chromedriver.exe">
      <![CDATA[java.lang.IllegalStateException: The driver is not executable: /Users/shahanasharmin/IdeaProjects/LearnAutomationFramework_WeekendMorningSeleniumNY_Winter2020/./BrowserDriver/windows/chromedriver.exe
at com.google.common.base.Preconditions.checkState(Preconditions.java:585)
at org.openqa.selenium.remote.service.DriverService.checkExecutable(DriverService.java:150)
at org.openqa.selenium.remote.service.DriverService.findExecutable(DriverService.java:141)
at org.openqa.selenium.chrome.ChromeDriverService.access$000(ChromeDriverService.java:35)
at org.openqa.selenium.chrome.ChromeDriverService$Builder.findDefaultExecutable(ChromeDriverService.java:159)
at org.openqa.selenium.remote.service.DriverService$Builder.build(DriverService.java:355)
at org.openqa.selenium.chrome.ChromeDriverService.createDefaultService(ChromeDriverService.java:94)
at org.openqa.selenium.chrome.ChromeDriver.<init>(ChromeDriver.java:123)
at common.WebAPI.getLocalDriver(WebAPI.java:36)
at common.WebAPI.setUp(WebAPI.java:23)
at java.base/java.util.ArrayList.forEach(ArrayList.java:1540)
... Removed 40 stack frames]]>
    </failure>
  </testcase> <!-- @BeforeMethod setUp -->
  <testcase classname="hometest.HomePageTest" name="testSearchProduct" time="0.0">
    <skipped/>
  </testcase> <!-- testSearchProduct -->
</testsuite> <!-- Command line test -->
